{"name":"myLogs","hostname":"ip-160-153-247-89.ip.secureserver.net","pid":23547,"level":30,"req":{"method":"GET","url":"/linked-role","headers":{"host":"liquit.xyz","x-real-ip":"91.221.7.209","connection":"close","sec-ch-ua":"\"Chromium\";v=\"116\", \"Not)A;Brand\";v=\"24\", \"YaBrowser\";v=\"23\"","sec-ch-ua-mobile":"?0","sec-ch-ua-platform":"\"Windows\"","upgrade-insecure-requests":"1","user-agent":"Mozilla/5.0 (Windows NT 10.0; Win64; x64) AppleWebKit/537.36 (KHTML, like Gecko) Chrome/116.0.5845.660 YaBrowser/23.9.5.660 Yowser/2.5 Safari/537.36","accept":"text/html,application/xhtml+xml,application/xml;q=0.9,image/avif,image/webp,image/apng,*/*;q=0.8,application/signed-exchange;v=b3;q=0.7","sec-fetch-site":"none","sec-fetch-mode":"navigate","sec-fetch-user":"?1","sec-fetch-dest":"document","accept-encoding":"gzip, deflate, br","accept-language":"ru,en;q=0.9"}},"msg":"","time":"2023-11-20T16:57:51.989Z","v":0}
{"name":"myLogs","hostname":"ip-160-153-247-89.ip.secureserver.net","pid":23547,"level":30,"req":{"method":"GET","url":"/linked-role","headers":{"host":"liquit.xyz","x-real-ip":"91.221.7.209","connection":"close","sec-fetch-site":"none","sec-fetch-mode":"navigate","accept":"text/html,application/xhtml+xml,application/xml;q=0.9,*/*;q=0.8","user-agent":"Mozilla/5.0 (iPhone; CPU iPhone OS 16_6 like Mac OS X) AppleWebKit/605.1.15 (KHTML, like Gecko) Version/16.6 Mobile/15E148 Safari/604.1","accept-language":"ru","sec-fetch-dest":"document","accept-encoding":"gzip, deflate, br"}},"msg":"","time":"2023-11-20T16:58:21.185Z","v":0}
{"name":"myLogs","hostname":"ip-160-153-247-89.ip.secureserver.net","pid":23547,"level":30,"req":{"method":"GET","url":"/discord-oauth-callback?code=jeN06qJmD41s8PRcZ896ld9w2Au304&state=87d767fd-5831-44cf-ab0f-6879f25a70b1","headers":{"host":"liquit.xyz","x-real-ip":"91.221.7.209","connection":"close","sec-fetch-site":"cross-site","accept-encoding":"gzip, deflate, br","cookie":"clientState=s%3A87d767fd-5831-44cf-ab0f-6879f25a70b1.DHlTepyUE5%2BLGFFv2q9p3BfUGkN0NqMNxgBB0heFHlI","sec-fetch-mode":"navigate","accept":"text/html,application/xhtml+xml,application/xml;q=0.9,*/*;q=0.8","user-agent":"Mozilla/5.0 (iPhone; CPU iPhone OS 16_6 like Mac OS X) AppleWebKit/605.1.15 (KHTML, like Gecko) Version/16.6 Mobile/15E148 Safari/604.1","referer":"https://discord.com/","sec-fetch-dest":"document","accept-language":"ru"}},"msg":"","time":"2023-11-20T16:58:33.866Z","v":0}
{"name":"myLogs","hostname":"ip-160-153-247-89.ip.secureserver.net","pid":23547,"level":30,"msg":"","time":"2023-11-20T16:58:34.510Z","v":0}
{"name":"myLogs","hostname":"ip-160-153-247-89.ip.secureserver.net","pid":23547,"level":30,"msg":"","time":"2023-11-20T16:58:34.524Z","v":0}
{"name":"myLogs","hostname":"ip-160-153-247-89.ip.secureserver.net","pid":23547,"level":30,"req":{"method":"GET","url":"/linked-role","headers":{"host":"liquit.xyz","x-real-ip":"91.221.7.209","connection":"close","sec-fetch-site":"none","cookie":"userId=s%3A1089152259956416614.uvRorLiugwqR3CWYHVGVVuKQcaQ3XIdilR73E9vqfzc; clientState=s%3A87d767fd-5831-44cf-ab0f-6879f25a70b1.DHlTepyUE5%2BLGFFv2q9p3BfUGkN0NqMNxgBB0heFHlI","sec-fetch-mode":"navigate","accept":"text/html,application/xhtml+xml,application/xml;q=0.9,*/*;q=0.8","user-agent":"Mozilla/5.0 (iPhone; CPU iPhone OS 16_6 like Mac OS X) AppleWebKit/605.1.15 (KHTML, like Gecko) Version/16.6 Mobile/15E148 Safari/604.1","accept-language":"ru","sec-fetch-dest":"document","accept-encoding":"gzip, deflate, br"}},"msg":"","time":"2023-11-20T17:00:49.542Z","v":0}
{"name":"myLogs","hostname":"ip-160-153-247-89.ip.secureserver.net","pid":23547,"level":30,"req":{"method":"GET","url":"/discord-oauth-callback?code=S8rJ2GdIVn2sE0jJVwjJrkP2Rp59Vx&state=d0f15af0-55c3-43d9-95df-be73816eda82","headers":{"host":"liquit.xyz","x-real-ip":"91.221.7.209","connection":"close","sec-fetch-site":"cross-site","accept-encoding":"gzip, deflate, br","cookie":"clientState=s%3Ad0f15af0-55c3-43d9-95df-be73816eda82.F88OJdF%2Fu1qQbDRLoGZx%2BHuIOajEqvGLx3h%2FqvEw5z0; userId=s%3A1089152259956416614.uvRorLiugwqR3CWYHVGVVuKQcaQ3XIdilR73E9vqfzc","sec-fetch-mode":"navigate","accept":"text/html,application/xhtml+xml,application/xml;q=0.9,*/*;q=0.8","user-agent":"Mozilla/5.0 (iPhone; CPU iPhone OS 16_6 like Mac OS X) AppleWebKit/605.1.15 (KHTML, like Gecko) Version/16.6 Mobile/15E148 Safari/604.1","referer":"https://discord.com/","sec-fetch-dest":"document","accept-language":"ru"}},"msg":"","time":"2023-11-20T17:00:54.364Z","v":0}
{"name":"myLogs","hostname":"ip-160-153-247-89.ip.secureserver.net","pid":23547,"level":30,"msg":"","time":"2023-11-20T17:00:54.753Z","v":0}
{"name":"myLogs","hostname":"ip-160-153-247-89.ip.secureserver.net","pid":23547,"level":30,"msg":"","time":"2023-11-20T17:00:54.760Z","v":0}
{"name":"myLogs","hostname":"ip-160-153-247-89.ip.secureserver.net","pid":23547,"level":30,"msg":"","time":"2023-11-20T17:00:55.034Z","v":0}
{"name":"myLogs","hostname":"ip-160-153-247-89.ip.secureserver.net","pid":23547,"level":30,"msg":"","time":"2023-11-20T17:00:55.041Z","v":0}
{"name":"myLogs","hostname":"ip-160-153-247-89.ip.secureserver.net","pid":23547,"level":30,"msg":"","time":"2023-11-20T17:00:55.048Z","v":0}
{"name":"myLogs","hostname":"ip-160-153-247-89.ip.secureserver.net","pid":23547,"level":30,"msg":"","time":"2023-11-20T17:00:55.277Z","v":0}
{"name":"myLogs","hostname":"ip-160-153-247-89.ip.secureserver.net","pid":23547,"level":30,"msg":"","time":"2023-11-20T17:00:55.284Z","v":0}
{"name":"myLogs","hostname":"ip-160-153-247-89.ip.secureserver.net","pid":23547,"level":30,"msg":"","time":"2023-11-20T17:00:55.287Z","v":0}
{"name":"myLogs","hostname":"ip-160-153-247-89.ip.secureserver.net","pid":23547,"level":30,"msg":"","time":"2023-11-20T17:00:55.291Z","v":0}
{"name":"myLogs","hostname":"ip-160-153-247-89.ip.secureserver.net","pid":10514,"level":30,"msg":"cron started","time":"2023-11-20T20:03:37.068Z","v":0}
{"name":"myLogs","hostname":"ip-160-153-247-89.ip.secureserver.net","pid":10515,"level":30,"msg":"","time":"2023-11-20T20:03:37.362Z","v":0}
{"name":"myLogs","hostname":"ip-160-153-247-89.ip.secureserver.net","pid":10515,"level":30,"msg":"events deployed","time":"2023-11-20T20:03:37.372Z","v":0}
{"name":"myLogs","hostname":"ip-160-153-247-89.ip.secureserver.net","pid":10515,"level":30,"msg":"started","time":"2023-11-20T20:03:37.374Z","v":0}
{"name":"myLogs","hostname":"ip-160-153-247-89.ip.secureserver.net","pid":10515,"level":30,"msg":"bot started","time":"2023-11-20T20:03:38.313Z","v":0}
{"name":"myLogs","hostname":"ip-160-153-247-89.ip.secureserver.net","pid":10515,"level":30,"msg":"registered metadata record","time":"2023-11-20T20:03:38.324Z","v":0}
{"name":"myLogs","hostname":"ip-160-153-247-89.ip.secureserver.net","pid":10552,"level":30,"msg":"cron started","time":"2023-11-20T20:04:22.106Z","v":0}
{"name":"myLogs","hostname":"ip-160-153-247-89.ip.secureserver.net","pid":10551,"level":30,"msg":"","time":"2023-11-20T20:04:22.357Z","v":0}
{"name":"myLogs","hostname":"ip-160-153-247-89.ip.secureserver.net","pid":10551,"level":30,"msg":"events deployed","time":"2023-11-20T20:04:22.364Z","v":0}
{"name":"myLogs","hostname":"ip-160-153-247-89.ip.secureserver.net","pid":10551,"level":30,"msg":"started","time":"2023-11-20T20:04:22.369Z","v":0}
{"name":"myLogs","hostname":"ip-160-153-247-89.ip.secureserver.net","pid":10551,"level":30,"msg":"bot started","time":"2023-11-20T20:04:23.096Z","v":0}
{"name":"myLogs","hostname":"ip-160-153-247-89.ip.secureserver.net","pid":10551,"level":30,"msg":"registered metadata record","time":"2023-11-20T20:04:23.110Z","v":0}
{"name":"myLogs","hostname":"ip-160-153-247-89.ip.secureserver.net","pid":10623,"level":30,"msg":"cron started","time":"2023-11-20T20:08:52.044Z","v":0}
{"name":"myLogs","hostname":"ip-160-153-247-89.ip.secureserver.net","pid":10622,"level":30,"msg":"","time":"2023-11-20T20:08:52.314Z","v":0}
{"name":"myLogs","hostname":"ip-160-153-247-89.ip.secureserver.net","pid":10622,"level":30,"msg":"events deployed","time":"2023-11-20T20:08:52.337Z","v":0}
{"name":"myLogs","hostname":"ip-160-153-247-89.ip.secureserver.net","pid":10622,"level":30,"msg":"started","time":"2023-11-20T20:08:52.339Z","v":0}
{"name":"myLogs","hostname":"ip-160-153-247-89.ip.secureserver.net","pid":10622,"level":30,"msg":"bot started","time":"2023-11-20T20:08:53.087Z","v":0}
{"name":"myLogs","hostname":"ip-160-153-247-89.ip.secureserver.net","pid":10622,"level":30,"msg":"registered metadata record","time":"2023-11-20T20:08:53.105Z","v":0}
{"name":"myLogs","hostname":"ip-160-153-247-89.ip.secureserver.net","pid":10700,"level":30,"msg":"cron started","time":"2023-11-20T20:09:16.132Z","v":0}
{"name":"myLogs","hostname":"ip-160-153-247-89.ip.secureserver.net","pid":10701,"level":30,"msg":"","time":"2023-11-20T20:09:16.390Z","v":0}
{"name":"myLogs","hostname":"ip-160-153-247-89.ip.secureserver.net","pid":10701,"level":30,"msg":"events deployed","time":"2023-11-20T20:09:16.396Z","v":0}
{"name":"myLogs","hostname":"ip-160-153-247-89.ip.secureserver.net","pid":10701,"level":30,"msg":"started","time":"2023-11-20T20:09:16.398Z","v":0}
{"name":"myLogs","hostname":"ip-160-153-247-89.ip.secureserver.net","pid":10701,"level":30,"msg":"bot started","time":"2023-11-20T20:09:17.180Z","v":0}
{"name":"myLogs","hostname":"ip-160-153-247-89.ip.secureserver.net","pid":10701,"level":30,"msg":"registered metadata record","time":"2023-11-20T20:09:17.203Z","v":0}
{"name":"myLogs","hostname":"ip-160-153-247-89.ip.secureserver.net","pid":10729,"level":30,"msg":"cron started","time":"2023-11-20T20:09:28.528Z","v":0}
{"name":"myLogs","hostname":"ip-160-153-247-89.ip.secureserver.net","pid":10730,"level":30,"msg":"","time":"2023-11-20T20:09:28.783Z","v":0}
{"name":"myLogs","hostname":"ip-160-153-247-89.ip.secureserver.net","pid":10730,"level":30,"msg":"events deployed","time":"2023-11-20T20:09:28.793Z","v":0}
{"name":"myLogs","hostname":"ip-160-153-247-89.ip.secureserver.net","pid":10730,"level":30,"msg":"started","time":"2023-11-20T20:09:28.795Z","v":0}
{"name":"myLogs","hostname":"ip-160-153-247-89.ip.secureserver.net","pid":10730,"level":30,"msg":"bot started","time":"2023-11-20T20:09:29.491Z","v":0}
{"name":"myLogs","hostname":"ip-160-153-247-89.ip.secureserver.net","pid":10730,"level":30,"msg":"registered metadata record","time":"2023-11-20T20:09:29.500Z","v":0}
{"name":"myLogs","hostname":"ip-160-153-247-89.ip.secureserver.net","pid":10758,"level":30,"msg":"cron started","time":"2023-11-20T20:09:38.128Z","v":0}
{"name":"myLogs","hostname":"ip-160-153-247-89.ip.secureserver.net","pid":10757,"level":30,"msg":"","time":"2023-11-20T20:09:38.389Z","v":0}
{"name":"myLogs","hostname":"ip-160-153-247-89.ip.secureserver.net","pid":10757,"level":30,"msg":"events deployed","time":"2023-11-20T20:09:38.393Z","v":0}
{"name":"myLogs","hostname":"ip-160-153-247-89.ip.secureserver.net","pid":10757,"level":30,"msg":"started","time":"2023-11-20T20:09:38.396Z","v":0}
{"name":"myLogs","hostname":"ip-160-153-247-89.ip.secureserver.net","pid":10757,"level":30,"msg":"bot started","time":"2023-11-20T20:09:39.114Z","v":0}
{"name":"myLogs","hostname":"ip-160-153-247-89.ip.secureserver.net","pid":10757,"level":30,"msg":"registered metadata record","time":"2023-11-20T20:09:39.123Z","v":0}
{"name":"myLogs","hostname":"ip-160-153-247-89.ip.secureserver.net","pid":10758,"level":30,"msg":"starting fetching request","time":"2023-11-20T20:10:00.163Z","v":0}
{"name":"myLogs","hostname":"ip-160-153-247-89.ip.secureserver.net","pid":10758,"level":30,"msg":"updated timestamp","time":"2023-11-20T20:10:00.163Z","v":0}
{"name":"myLogs","hostname":"ip-160-153-247-89.ip.secureserver.net","pid":10758,"level":30,"msg":"","time":"2023-11-20T20:10:00.197Z","v":0}
{"name":"myLogs","hostname":"ip-160-153-247-89.ip.secureserver.net","pid":10758,"level":30,"msg":"reading waitlist","time":"2023-11-20T20:10:00.201Z","v":0}
{"name":"myLogs","hostname":"ip-160-153-247-89.ip.secureserver.net","pid":10758,"level":30,"msg":"no requests found, exiting","time":"2023-11-20T20:10:00.201Z","v":0}
{"name":"myLogs","hostname":"ip-160-153-247-89.ip.secureserver.net","pid":10798,"level":30,"msg":"cron started","time":"2023-11-20T20:10:24.292Z","v":0}
{"name":"myLogs","hostname":"ip-160-153-247-89.ip.secureserver.net","pid":10797,"level":30,"msg":"","time":"2023-11-20T20:10:24.547Z","v":0}
{"name":"myLogs","hostname":"ip-160-153-247-89.ip.secureserver.net","pid":10797,"level":30,"msg":"events deployed","time":"2023-11-20T20:10:24.559Z","v":0}
{"name":"myLogs","hostname":"ip-160-153-247-89.ip.secureserver.net","pid":10797,"level":30,"msg":"started","time":"2023-11-20T20:10:24.564Z","v":0}
{"name":"myLogs","hostname":"ip-160-153-247-89.ip.secureserver.net","pid":10797,"level":30,"msg":"bot started","time":"2023-11-20T20:10:25.346Z","v":0}
{"name":"myLogs","hostname":"ip-160-153-247-89.ip.secureserver.net","pid":10797,"level":30,"msg":"registered metadata record","time":"2023-11-20T20:10:25.355Z","v":0}
{"name":"myLogs","hostname":"ip-160-153-247-89.ip.secureserver.net","pid":10826,"level":30,"msg":"cron started","time":"2023-11-20T20:10:41.038Z","v":0}
{"name":"myLogs","hostname":"ip-160-153-247-89.ip.secureserver.net","pid":10825,"level":30,"msg":"","time":"2023-11-20T20:10:41.291Z","v":0}
{"name":"myLogs","hostname":"ip-160-153-247-89.ip.secureserver.net","pid":10825,"level":30,"msg":"events deployed","time":"2023-11-20T20:10:41.301Z","v":0}
{"name":"myLogs","hostname":"ip-160-153-247-89.ip.secureserver.net","pid":10825,"level":30,"msg":"started","time":"2023-11-20T20:10:41.305Z","v":0}
{"name":"myLogs","hostname":"ip-160-153-247-89.ip.secureserver.net","pid":10825,"level":30,"msg":"bot started","time":"2023-11-20T20:10:42.107Z","v":0}
{"name":"myLogs","hostname":"ip-160-153-247-89.ip.secureserver.net","pid":10825,"level":30,"msg":"registered metadata record","time":"2023-11-20T20:10:42.115Z","v":0}
{"name":"myLogs","hostname":"ip-160-153-247-89.ip.secureserver.net","pid":10865,"level":30,"msg":"cron started","time":"2023-11-20T20:11:24.356Z","v":0}
{"name":"myLogs","hostname":"ip-160-153-247-89.ip.secureserver.net","pid":10866,"level":30,"msg":"","time":"2023-11-20T20:11:24.621Z","v":0}
{"name":"myLogs","hostname":"ip-160-153-247-89.ip.secureserver.net","pid":10866,"level":30,"msg":"events deployed","time":"2023-11-20T20:11:24.628Z","v":0}
{"name":"myLogs","hostname":"ip-160-153-247-89.ip.secureserver.net","pid":10866,"level":30,"msg":"started","time":"2023-11-20T20:11:24.634Z","v":0}
{"name":"myLogs","hostname":"ip-160-153-247-89.ip.secureserver.net","pid":10866,"level":30,"msg":"bot started","time":"2023-11-20T20:11:25.463Z","v":0}
{"name":"myLogs","hostname":"ip-160-153-247-89.ip.secureserver.net","pid":10866,"level":30,"msg":"registered metadata record","time":"2023-11-20T20:11:25.471Z","v":0}
{"name":"myLogs","hostname":"ip-160-153-247-89.ip.secureserver.net","pid":10894,"level":30,"msg":"cron started","time":"2023-11-20T20:11:32.276Z","v":0}
{"name":"myLogs","hostname":"ip-160-153-247-89.ip.secureserver.net","pid":10893,"level":30,"msg":"","time":"2023-11-20T20:11:32.525Z","v":0}
{"name":"myLogs","hostname":"ip-160-153-247-89.ip.secureserver.net","pid":10893,"level":30,"msg":"events deployed","time":"2023-11-20T20:11:32.532Z","v":0}
{"name":"myLogs","hostname":"ip-160-153-247-89.ip.secureserver.net","pid":10893,"level":30,"msg":"started","time":"2023-11-20T20:11:32.534Z","v":0}
{"name":"myLogs","hostname":"ip-160-153-247-89.ip.secureserver.net","pid":10893,"level":30,"msg":"bot started","time":"2023-11-20T20:11:33.274Z","v":0}
{"name":"myLogs","hostname":"ip-160-153-247-89.ip.secureserver.net","pid":10893,"level":30,"msg":"registered metadata record","time":"2023-11-20T20:11:33.283Z","v":0}
{"name":"myLogs","hostname":"ip-160-153-247-89.ip.secureserver.net","pid":10941,"level":30,"msg":"cron started","time":"2023-11-20T20:11:45.188Z","v":0}
{"name":"myLogs","hostname":"ip-160-153-247-89.ip.secureserver.net","pid":10939,"level":30,"msg":"","time":"2023-11-20T20:11:45.445Z","v":0}
{"name":"myLogs","hostname":"ip-160-153-247-89.ip.secureserver.net","pid":10939,"level":30,"msg":"events deployed","time":"2023-11-20T20:11:45.452Z","v":0}
{"name":"myLogs","hostname":"ip-160-153-247-89.ip.secureserver.net","pid":10939,"level":30,"msg":"started","time":"2023-11-20T20:11:45.458Z","v":0}
{"name":"myLogs","hostname":"ip-160-153-247-89.ip.secureserver.net","pid":10939,"level":30,"msg":"bot started","time":"2023-11-20T20:11:46.244Z","v":0}
{"name":"myLogs","hostname":"ip-160-153-247-89.ip.secureserver.net","pid":10939,"level":30,"msg":"registered metadata record","time":"2023-11-20T20:11:46.252Z","v":0}
{"name":"myLogs","hostname":"ip-160-153-247-89.ip.secureserver.net","pid":10983,"level":30,"msg":"cron started","time":"2023-11-20T20:11:55.824Z","v":0}
{"name":"myLogs","hostname":"ip-160-153-247-89.ip.secureserver.net","pid":10967,"level":30,"msg":"","time":"2023-11-20T20:11:56.057Z","v":0}
{"name":"myLogs","hostname":"ip-160-153-247-89.ip.secureserver.net","pid":10967,"level":30,"msg":"events deployed","time":"2023-11-20T20:11:56.063Z","v":0}
{"name":"myLogs","hostname":"ip-160-153-247-89.ip.secureserver.net","pid":10967,"level":30,"msg":"started","time":"2023-11-20T20:11:56.069Z","v":0}
{"name":"myLogs","hostname":"ip-160-153-247-89.ip.secureserver.net","pid":11004,"level":30,"msg":"cron started","time":"2023-11-20T20:11:57.834Z","v":0}
{"name":"myLogs","hostname":"ip-160-153-247-89.ip.secureserver.net","pid":11005,"level":30,"msg":"","time":"2023-11-20T20:11:58.078Z","v":0}
{"name":"myLogs","hostname":"ip-160-153-247-89.ip.secureserver.net","pid":11005,"level":30,"msg":"events deployed","time":"2023-11-20T20:11:58.085Z","v":0}
{"name":"myLogs","hostname":"ip-160-153-247-89.ip.secureserver.net","pid":11005,"level":30,"msg":"started","time":"2023-11-20T20:11:58.087Z","v":0}
{"name":"myLogs","hostname":"ip-160-153-247-89.ip.secureserver.net","pid":11005,"level":30,"msg":"bot started","time":"2023-11-20T20:11:58.820Z","v":0}
{"name":"myLogs","hostname":"ip-160-153-247-89.ip.secureserver.net","pid":11005,"level":30,"msg":"registered metadata record","time":"2023-11-20T20:11:58.829Z","v":0}
{"name":"myLogs","hostname":"ip-160-153-247-89.ip.secureserver.net","pid":11048,"level":30,"msg":"cron started","time":"2023-11-20T20:13:03.420Z","v":0}
{"name":"myLogs","hostname":"ip-160-153-247-89.ip.secureserver.net","pid":11047,"level":30,"msg":"","time":"2023-11-20T20:13:03.704Z","v":0}
{"name":"myLogs","hostname":"ip-160-153-247-89.ip.secureserver.net","pid":11047,"level":30,"msg":"events deployed","time":"2023-11-20T20:13:03.711Z","v":0}
{"name":"myLogs","hostname":"ip-160-153-247-89.ip.secureserver.net","pid":11047,"level":30,"msg":"started","time":"2023-11-20T20:13:03.717Z","v":0}
{"name":"myLogs","hostname":"ip-160-153-247-89.ip.secureserver.net","pid":11047,"level":30,"msg":"bot started","time":"2023-11-20T20:13:04.611Z","v":0}
{"name":"myLogs","hostname":"ip-160-153-247-89.ip.secureserver.net","pid":11047,"level":30,"msg":"registered metadata record","time":"2023-11-20T20:13:04.620Z","v":0}
{"name":"myLogs","hostname":"ip-160-153-247-89.ip.secureserver.net","pid":11078,"level":30,"msg":"cron started","time":"2023-11-20T20:13:24.360Z","v":0}
{"name":"myLogs","hostname":"ip-160-153-247-89.ip.secureserver.net","pid":11095,"level":30,"msg":"","time":"2023-11-20T20:13:24.625Z","v":0}
{"name":"myLogs","hostname":"ip-160-153-247-89.ip.secureserver.net","pid":11095,"level":30,"msg":"events deployed","time":"2023-11-20T20:13:24.633Z","v":0}
{"name":"myLogs","hostname":"ip-160-153-247-89.ip.secureserver.net","pid":11095,"level":30,"msg":"started","time":"2023-11-20T20:13:24.638Z","v":0}
{"name":"myLogs","hostname":"ip-160-153-247-89.ip.secureserver.net","pid":11095,"level":30,"msg":"bot started","time":"2023-11-20T20:13:25.407Z","v":0}
{"name":"myLogs","hostname":"ip-160-153-247-89.ip.secureserver.net","pid":11095,"level":30,"msg":"registered metadata record","time":"2023-11-20T20:13:25.415Z","v":0}
{"name":"myLogs","hostname":"ip-160-153-247-89.ip.secureserver.net","pid":11149,"level":30,"msg":"cron started","time":"2023-11-20T20:17:00.148Z","v":0}
{"name":"myLogs","hostname":"ip-160-153-247-89.ip.secureserver.net","pid":11148,"level":30,"msg":"","time":"2023-11-20T20:17:00.414Z","v":0}
{"name":"myLogs","hostname":"ip-160-153-247-89.ip.secureserver.net","pid":11148,"level":30,"msg":"events deployed","time":"2023-11-20T20:17:00.424Z","v":0}
{"name":"myLogs","hostname":"ip-160-153-247-89.ip.secureserver.net","pid":11148,"level":30,"msg":"started","time":"2023-11-20T20:17:00.426Z","v":0}
{"name":"myLogs","hostname":"ip-160-153-247-89.ip.secureserver.net","pid":11148,"level":30,"msg":"bot started","time":"2023-11-20T20:17:02.301Z","v":0}
{"name":"myLogs","hostname":"ip-160-153-247-89.ip.secureserver.net","pid":11148,"level":30,"msg":"registered metadata record","time":"2023-11-20T20:17:02.312Z","v":0}
{"name":"myLogs","hostname":"ip-160-153-247-89.ip.secureserver.net","pid":11149,"level":30,"msg":"starting fetching request","time":"2023-11-20T20:20:00.355Z","v":0}
{"name":"myLogs","hostname":"ip-160-153-247-89.ip.secureserver.net","pid":11149,"level":30,"msg":"updated timestamp","time":"2023-11-20T20:20:00.355Z","v":0}
{"name":"myLogs","hostname":"ip-160-153-247-89.ip.secureserver.net","pid":11149,"level":30,"msg":"","time":"2023-11-20T20:20:00.394Z","v":0}
{"name":"myLogs","hostname":"ip-160-153-247-89.ip.secureserver.net","pid":11149,"level":30,"msg":"reading waitlist","time":"2023-11-20T20:20:00.399Z","v":0}
{"name":"myLogs","hostname":"ip-160-153-247-89.ip.secureserver.net","pid":11149,"level":30,"msg":"no requests found, exiting","time":"2023-11-20T20:20:00.399Z","v":0}
{"name":"myLogs","hostname":"ip-160-153-247-89.ip.secureserver.net","pid":11259,"level":30,"msg":"cron started","time":"2023-11-20T20:21:43.527Z","v":0}
{"name":"myLogs","hostname":"ip-160-153-247-89.ip.secureserver.net","pid":11260,"level":30,"msg":"","time":"2023-11-20T20:21:43.782Z","v":0}
{"name":"myLogs","hostname":"ip-160-153-247-89.ip.secureserver.net","pid":11260,"level":30,"msg":"events deployed","time":"2023-11-20T20:21:43.787Z","v":0}
{"name":"myLogs","hostname":"ip-160-153-247-89.ip.secureserver.net","pid":11260,"level":30,"msg":"started","time":"2023-11-20T20:21:43.793Z","v":0}
{"name":"myLogs","hostname":"ip-160-153-247-89.ip.secureserver.net","pid":11260,"level":30,"msg":"bot started","time":"2023-11-20T20:21:44.469Z","v":0}
{"name":"myLogs","hostname":"ip-160-153-247-89.ip.secureserver.net","pid":11260,"level":30,"msg":"registered metadata record","time":"2023-11-20T20:21:44.479Z","v":0}
{"name":"myLogs","hostname":"ip-160-153-247-89.ip.secureserver.net","pid":11295,"level":30,"msg":"cron started","time":"2023-11-20T20:22:14.760Z","v":0}
{"name":"myLogs","hostname":"ip-160-153-247-89.ip.secureserver.net","pid":11296,"level":30,"msg":"","time":"2023-11-20T20:22:15.023Z","v":0}
{"name":"myLogs","hostname":"ip-160-153-247-89.ip.secureserver.net","pid":11296,"level":30,"msg":"events deployed","time":"2023-11-20T20:22:15.029Z","v":0}
{"name":"myLogs","hostname":"ip-160-153-247-89.ip.secureserver.net","pid":11296,"level":30,"msg":"started","time":"2023-11-20T20:22:15.031Z","v":0}
{"name":"myLogs","hostname":"ip-160-153-247-89.ip.secureserver.net","pid":11296,"level":30,"msg":"bot started","time":"2023-11-20T20:22:15.821Z","v":0}
{"name":"myLogs","hostname":"ip-160-153-247-89.ip.secureserver.net","pid":11296,"level":30,"msg":"registered metadata record","time":"2023-11-20T20:22:15.834Z","v":0}
{"name":"myLogs","hostname":"ip-160-153-247-89.ip.secureserver.net","pid":11324,"level":30,"msg":"cron started","time":"2023-11-20T20:22:37.140Z","v":0}
{"name":"myLogs","hostname":"ip-160-153-247-89.ip.secureserver.net","pid":11325,"level":30,"msg":"","time":"2023-11-20T20:22:37.393Z","v":0}
{"name":"myLogs","hostname":"ip-160-153-247-89.ip.secureserver.net","pid":11325,"level":30,"msg":"events deployed","time":"2023-11-20T20:22:37.400Z","v":0}
{"name":"myLogs","hostname":"ip-160-153-247-89.ip.secureserver.net","pid":11325,"level":30,"msg":"started","time":"2023-11-20T20:22:37.402Z","v":0}
{"name":"myLogs","hostname":"ip-160-153-247-89.ip.secureserver.net","pid":11325,"level":30,"msg":"bot started","time":"2023-11-20T20:22:38.090Z","v":0}
{"name":"myLogs","hostname":"ip-160-153-247-89.ip.secureserver.net","pid":11325,"level":30,"msg":"registered metadata record","time":"2023-11-20T20:22:38.099Z","v":0}
{"name":"myLogs","hostname":"ip-160-153-247-89.ip.secureserver.net","pid":11361,"level":30,"msg":"cron started","time":"2023-11-20T20:23:06.264Z","v":0}
{"name":"myLogs","hostname":"ip-160-153-247-89.ip.secureserver.net","pid":11360,"level":30,"msg":"","time":"2023-11-20T20:23:06.529Z","v":0}
{"name":"myLogs","hostname":"ip-160-153-247-89.ip.secureserver.net","pid":11360,"level":30,"msg":"events deployed","time":"2023-11-20T20:23:06.534Z","v":0}
{"name":"myLogs","hostname":"ip-160-153-247-89.ip.secureserver.net","pid":11360,"level":30,"msg":"started","time":"2023-11-20T20:23:06.536Z","v":0}
{"name":"myLogs","hostname":"ip-160-153-247-89.ip.secureserver.net","pid":11360,"level":30,"msg":"bot started","time":"2023-11-20T20:23:07.295Z","v":0}
{"name":"myLogs","hostname":"ip-160-153-247-89.ip.secureserver.net","pid":11360,"level":30,"msg":"registered metadata record","time":"2023-11-20T20:23:07.304Z","v":0}
{"name":"myLogs","hostname":"ip-160-153-247-89.ip.secureserver.net","pid":11390,"level":30,"msg":"cron started","time":"2023-11-20T20:23:49.744Z","v":0}
{"name":"myLogs","hostname":"ip-160-153-247-89.ip.secureserver.net","pid":11389,"level":30,"msg":"","time":"2023-11-20T20:23:49.997Z","v":0}
{"name":"myLogs","hostname":"ip-160-153-247-89.ip.secureserver.net","pid":11389,"level":30,"msg":"events deployed","time":"2023-11-20T20:23:50.002Z","v":0}
{"name":"myLogs","hostname":"ip-160-153-247-89.ip.secureserver.net","pid":11389,"level":30,"msg":"started","time":"2023-11-20T20:23:50.006Z","v":0}
{"name":"myLogs","hostname":"ip-160-153-247-89.ip.secureserver.net","pid":11389,"level":30,"msg":"bot started","time":"2023-11-20T20:23:50.682Z","v":0}
{"name":"myLogs","hostname":"ip-160-153-247-89.ip.secureserver.net","pid":11389,"level":30,"msg":"registered metadata record","time":"2023-11-20T20:23:50.691Z","v":0}
{"name":"myLogs","hostname":"ip-160-153-247-89.ip.secureserver.net","pid":11390,"level":30,"msg":"starting fetching request","time":"2023-11-20T20:30:00.153Z","v":0}
{"name":"myLogs","hostname":"ip-160-153-247-89.ip.secureserver.net","pid":11390,"level":30,"msg":"updated timestamp","time":"2023-11-20T20:30:00.153Z","v":0}
{"name":"myLogs","hostname":"ip-160-153-247-89.ip.secureserver.net","pid":11390,"level":30,"msg":"","time":"2023-11-20T20:30:00.187Z","v":0}
{"name":"myLogs","hostname":"ip-160-153-247-89.ip.secureserver.net","pid":11390,"level":30,"msg":"reading waitlist","time":"2023-11-20T20:30:00.191Z","v":0}
{"name":"myLogs","hostname":"ip-160-153-247-89.ip.secureserver.net","pid":11390,"level":30,"msg":"no requests found, exiting","time":"2023-11-20T20:30:00.191Z","v":0}
{"name":"myLogs","hostname":"ip-160-153-247-89.ip.secureserver.net","pid":12349,"level":30,"msg":"cron started","time":"2023-11-20T20:49:16.154Z","v":0}
{"name":"myLogs","hostname":"ip-160-153-247-89.ip.secureserver.net","pid":12347,"level":30,"msg":"","time":"2023-11-20T20:49:16.398Z","v":0}
{"name":"myLogs","hostname":"ip-160-153-247-89.ip.secureserver.net","pid":12347,"level":30,"msg":"events deployed","time":"2023-11-20T20:49:16.404Z","v":0}
{"name":"myLogs","hostname":"ip-160-153-247-89.ip.secureserver.net","pid":12347,"level":30,"msg":"started","time":"2023-11-20T20:49:16.410Z","v":0}
{"name":"myLogs","hostname":"ip-160-153-247-89.ip.secureserver.net","pid":12347,"level":30,"msg":"bot started","time":"2023-11-20T20:49:17.125Z","v":0}
{"name":"myLogs","hostname":"ip-160-153-247-89.ip.secureserver.net","pid":12347,"level":30,"msg":"registered metadata record","time":"2023-11-20T20:49:17.134Z","v":0}
{"name":"myLogs","hostname":"ip-160-153-247-89.ip.secureserver.net","pid":12349,"level":30,"msg":"starting fetching request","time":"2023-11-20T20:50:00.206Z","v":0}
{"name":"myLogs","hostname":"ip-160-153-247-89.ip.secureserver.net","pid":12349,"level":30,"msg":"updated timestamp","time":"2023-11-20T20:50:00.206Z","v":0}
{"name":"myLogs","hostname":"ip-160-153-247-89.ip.secureserver.net","pid":12349,"level":30,"msg":"","time":"2023-11-20T20:50:00.241Z","v":0}
{"name":"myLogs","hostname":"ip-160-153-247-89.ip.secureserver.net","pid":12349,"level":30,"msg":"reading waitlist","time":"2023-11-20T20:50:00.246Z","v":0}
{"name":"myLogs","hostname":"ip-160-153-247-89.ip.secureserver.net","pid":12349,"level":30,"msg":"no requests found, exiting","time":"2023-11-20T20:50:00.248Z","v":0}
{"name":"myLogs","hostname":"ip-160-153-247-89.ip.secureserver.net","pid":12349,"level":30,"msg":"starting fetching request","time":"2023-11-20T21:00:00.890Z","v":0}
{"name":"myLogs","hostname":"ip-160-153-247-89.ip.secureserver.net","pid":12349,"level":30,"msg":"updated timestamp","time":"2023-11-20T21:00:00.891Z","v":0}
{"name":"myLogs","hostname":"ip-160-153-247-89.ip.secureserver.net","pid":12349,"level":30,"msg":"","time":"2023-11-20T21:00:00.898Z","v":0}
{"name":"myLogs","hostname":"ip-160-153-247-89.ip.secureserver.net","pid":12349,"level":30,"msg":"reading waitlist","time":"2023-11-20T21:00:00.901Z","v":0}
{"name":"myLogs","hostname":"ip-160-153-247-89.ip.secureserver.net","pid":12349,"level":30,"msg":"no requests found, exiting","time":"2023-11-20T21:00:00.902Z","v":0}
{"name":"myLogs","hostname":"ip-160-153-247-89.ip.secureserver.net","pid":12349,"level":30,"msg":"starting fetching request","time":"2023-11-20T21:10:00.558Z","v":0}
{"name":"myLogs","hostname":"ip-160-153-247-89.ip.secureserver.net","pid":12349,"level":30,"msg":"updated timestamp","time":"2023-11-20T21:10:00.559Z","v":0}
{"name":"myLogs","hostname":"ip-160-153-247-89.ip.secureserver.net","pid":12349,"level":30,"msg":"","time":"2023-11-20T21:10:00.569Z","v":0}
{"name":"myLogs","hostname":"ip-160-153-247-89.ip.secureserver.net","pid":12349,"level":30,"msg":"reading waitlist","time":"2023-11-20T21:10:00.573Z","v":0}
{"name":"myLogs","hostname":"ip-160-153-247-89.ip.secureserver.net","pid":12349,"level":30,"msg":"no requests found, exiting","time":"2023-11-20T21:10:00.573Z","v":0}
{"name":"myLogs","hostname":"ip-160-153-247-89.ip.secureserver.net","pid":12798,"level":30,"msg":"cron started","time":"2023-11-20T21:11:06.660Z","v":0}
{"name":"myLogs","hostname":"ip-160-153-247-89.ip.secureserver.net","pid":12799,"level":30,"msg":"","time":"2023-11-20T21:11:06.954Z","v":0}
{"name":"myLogs","hostname":"ip-160-153-247-89.ip.secureserver.net","pid":12799,"level":30,"msg":"events deployed","time":"2023-11-20T21:11:06.964Z","v":0}
{"name":"myLogs","hostname":"ip-160-153-247-89.ip.secureserver.net","pid":12799,"level":30,"msg":"started","time":"2023-11-20T21:11:06.966Z","v":0}
{"name":"myLogs","hostname":"ip-160-153-247-89.ip.secureserver.net","pid":12799,"level":30,"msg":"bot started","time":"2023-11-20T21:11:07.700Z","v":0}
{"name":"myLogs","hostname":"ip-160-153-247-89.ip.secureserver.net","pid":12799,"level":30,"msg":"registered metadata record","time":"2023-11-20T21:11:07.709Z","v":0}
{"name":"myLogs","hostname":"ip-160-153-247-89.ip.secureserver.net","pid":12831,"level":30,"msg":"cron started","time":"2023-11-20T21:11:40.952Z","v":0}
{"name":"myLogs","hostname":"ip-160-153-247-89.ip.secureserver.net","pid":12832,"level":30,"msg":"","time":"2023-11-20T21:11:41.220Z","v":0}
{"name":"myLogs","hostname":"ip-160-153-247-89.ip.secureserver.net","pid":12832,"level":30,"msg":"events deployed","time":"2023-11-20T21:11:41.226Z","v":0}
{"name":"myLogs","hostname":"ip-160-153-247-89.ip.secureserver.net","pid":12832,"level":30,"msg":"started","time":"2023-11-20T21:11:41.228Z","v":0}
{"name":"myLogs","hostname":"ip-160-153-247-89.ip.secureserver.net","pid":12832,"level":30,"msg":"bot started","time":"2023-11-20T21:11:42.064Z","v":0}
{"name":"myLogs","hostname":"ip-160-153-247-89.ip.secureserver.net","pid":12832,"level":30,"msg":"registered metadata record","time":"2023-11-20T21:11:42.073Z","v":0}
{"name":"myLogs","hostname":"ip-160-153-247-89.ip.secureserver.net","pid":12860,"level":30,"msg":"cron started","time":"2023-11-20T21:12:01.765Z","v":0}
{"name":"myLogs","hostname":"ip-160-153-247-89.ip.secureserver.net","pid":12875,"level":30,"msg":"","time":"2023-11-20T21:12:02.209Z","v":0}
{"name":"myLogs","hostname":"ip-160-153-247-89.ip.secureserver.net","pid":12875,"level":30,"msg":"events deployed","time":"2023-11-20T21:12:02.225Z","v":0}
{"name":"myLogs","hostname":"ip-160-153-247-89.ip.secureserver.net","pid":12875,"level":30,"msg":"started","time":"2023-11-20T21:12:02.227Z","v":0}
{"name":"myLogs","hostname":"ip-160-153-247-89.ip.secureserver.net","pid":12875,"level":30,"msg":"bot started","time":"2023-11-20T21:12:02.998Z","v":0}
{"name":"myLogs","hostname":"ip-160-153-247-89.ip.secureserver.net","pid":12875,"level":30,"msg":"registered metadata record","time":"2023-11-20T21:12:03.007Z","v":0}
{"name":"myLogs","hostname":"ip-160-153-247-89.ip.secureserver.net","pid":12924,"level":30,"msg":"cron started","time":"2023-11-20T21:13:14.672Z","v":0}
{"name":"myLogs","hostname":"ip-160-153-247-89.ip.secureserver.net","pid":12923,"level":30,"msg":"","time":"2023-11-20T21:13:14.937Z","v":0}
{"name":"myLogs","hostname":"ip-160-153-247-89.ip.secureserver.net","pid":12923,"level":30,"msg":"events deployed","time":"2023-11-20T21:13:14.946Z","v":0}
{"name":"myLogs","hostname":"ip-160-153-247-89.ip.secureserver.net","pid":12923,"level":30,"msg":"started","time":"2023-11-20T21:13:14.948Z","v":0}
{"name":"myLogs","hostname":"ip-160-153-247-89.ip.secureserver.net","pid":12923,"level":30,"msg":"bot started","time":"2023-11-20T21:13:15.658Z","v":0}
{"name":"myLogs","hostname":"ip-160-153-247-89.ip.secureserver.net","pid":12923,"level":30,"msg":"registered metadata record","time":"2023-11-20T21:13:15.668Z","v":0}
{"name":"myLogs","hostname":"ip-160-153-247-89.ip.secureserver.net","pid":12952,"level":30,"msg":"cron started","time":"2023-11-20T21:13:23.084Z","v":0}
{"name":"myLogs","hostname":"ip-160-153-247-89.ip.secureserver.net","pid":12953,"level":30,"msg":"","time":"2023-11-20T21:13:23.356Z","v":0}
{"name":"myLogs","hostname":"ip-160-153-247-89.ip.secureserver.net","pid":12953,"level":30,"msg":"events deployed","time":"2023-11-20T21:13:23.364Z","v":0}
{"name":"myLogs","hostname":"ip-160-153-247-89.ip.secureserver.net","pid":12953,"level":30,"msg":"started","time":"2023-11-20T21:13:23.366Z","v":0}
{"name":"myLogs","hostname":"ip-160-153-247-89.ip.secureserver.net","pid":12953,"level":30,"msg":"bot started","time":"2023-11-20T21:13:24.140Z","v":0}
{"name":"myLogs","hostname":"ip-160-153-247-89.ip.secureserver.net","pid":12953,"level":30,"msg":"registered metadata record","time":"2023-11-20T21:13:24.149Z","v":0}
{"name":"myLogs","hostname":"ip-160-153-247-89.ip.secureserver.net","pid":13006,"level":30,"msg":"cron started","time":"2023-11-20T21:15:13.132Z","v":0}
{"name":"myLogs","hostname":"ip-160-153-247-89.ip.secureserver.net","pid":13007,"level":30,"msg":"","time":"2023-11-20T21:15:13.401Z","v":0}
{"name":"myLogs","hostname":"ip-160-153-247-89.ip.secureserver.net","pid":13007,"level":30,"msg":"events deployed","time":"2023-11-20T21:15:13.408Z","v":0}
{"name":"myLogs","hostname":"ip-160-153-247-89.ip.secureserver.net","pid":13007,"level":30,"msg":"started","time":"2023-11-20T21:15:13.413Z","v":0}
{"name":"myLogs","hostname":"ip-160-153-247-89.ip.secureserver.net","pid":13007,"level":30,"msg":"bot started","time":"2023-11-20T21:15:14.155Z","v":0}
{"name":"myLogs","hostname":"ip-160-153-247-89.ip.secureserver.net","pid":13007,"level":30,"msg":"registered metadata record","time":"2023-11-20T21:15:14.164Z","v":0}
{"name":"myLogs","hostname":"ip-160-153-247-89.ip.secureserver.net","pid":13006,"level":30,"msg":"starting fetching request","time":"2023-11-20T21:20:00.447Z","v":0}
{"name":"myLogs","hostname":"ip-160-153-247-89.ip.secureserver.net","pid":13006,"level":30,"msg":"updated timestamp","time":"2023-11-20T21:20:00.448Z","v":0}
{"name":"myLogs","hostname":"ip-160-153-247-89.ip.secureserver.net","pid":13006,"level":30,"msg":"","time":"2023-11-20T21:20:00.487Z","v":0}
{"name":"myLogs","hostname":"ip-160-153-247-89.ip.secureserver.net","pid":13006,"level":30,"msg":"reading waitlist","time":"2023-11-20T21:20:00.491Z","v":0}
{"name":"myLogs","hostname":"ip-160-153-247-89.ip.secureserver.net","pid":13006,"level":30,"msg":"no requests found, exiting","time":"2023-11-20T21:20:00.491Z","v":0}
{"name":"myLogs","hostname":"ip-160-153-247-89.ip.secureserver.net","pid":13132,"level":30,"msg":"cron started","time":"2023-11-20T21:21:05.760Z","v":0}
{"name":"myLogs","hostname":"ip-160-153-247-89.ip.secureserver.net","pid":13133,"level":30,"msg":"","time":"2023-11-20T21:21:06.034Z","v":0}
{"name":"myLogs","hostname":"ip-160-153-247-89.ip.secureserver.net","pid":13133,"level":30,"msg":"events deployed","time":"2023-11-20T21:21:06.041Z","v":0}
{"name":"myLogs","hostname":"ip-160-153-247-89.ip.secureserver.net","pid":13133,"level":30,"msg":"started","time":"2023-11-20T21:21:06.042Z","v":0}
{"name":"myLogs","hostname":"ip-160-153-247-89.ip.secureserver.net","pid":13133,"level":30,"msg":"bot started","time":"2023-11-20T21:21:06.825Z","v":0}
{"name":"myLogs","hostname":"ip-160-153-247-89.ip.secureserver.net","pid":13133,"level":30,"msg":"registered metadata record","time":"2023-11-20T21:21:06.834Z","v":0}
{"name":"myLogs","hostname":"ip-160-153-247-89.ip.secureserver.net","pid":13164,"level":30,"msg":"cron started","time":"2023-11-20T21:21:28.689Z","v":0}
{"name":"myLogs","hostname":"ip-160-153-247-89.ip.secureserver.net","pid":13163,"level":30,"msg":"","time":"2023-11-20T21:21:28.926Z","v":0}
{"name":"myLogs","hostname":"ip-160-153-247-89.ip.secureserver.net","pid":13163,"level":30,"msg":"events deployed","time":"2023-11-20T21:21:28.934Z","v":0}
{"name":"myLogs","hostname":"ip-160-153-247-89.ip.secureserver.net","pid":13163,"level":30,"msg":"started","time":"2023-11-20T21:21:28.937Z","v":0}
{"name":"myLogs","hostname":"ip-160-153-247-89.ip.secureserver.net","pid":13163,"level":30,"msg":"bot started","time":"2023-11-20T21:21:29.681Z","v":0}
{"name":"myLogs","hostname":"ip-160-153-247-89.ip.secureserver.net","pid":13163,"level":30,"msg":"registered metadata record","time":"2023-11-20T21:21:29.689Z","v":0}
{"name":"myLogs","hostname":"ip-160-153-247-89.ip.secureserver.net","pid":13192,"level":30,"msg":"cron started","time":"2023-11-20T21:21:43.148Z","v":0}
{"name":"myLogs","hostname":"ip-160-153-247-89.ip.secureserver.net","pid":13191,"level":30,"msg":"","time":"2023-11-20T21:21:43.409Z","v":0}
{"name":"myLogs","hostname":"ip-160-153-247-89.ip.secureserver.net","pid":13191,"level":30,"msg":"events deployed","time":"2023-11-20T21:21:43.417Z","v":0}
{"name":"myLogs","hostname":"ip-160-153-247-89.ip.secureserver.net","pid":13191,"level":30,"msg":"started","time":"2023-11-20T21:21:43.419Z","v":0}
{"name":"myLogs","hostname":"ip-160-153-247-89.ip.secureserver.net","pid":13191,"level":30,"msg":"bot started","time":"2023-11-20T21:21:44.207Z","v":0}
{"name":"myLogs","hostname":"ip-160-153-247-89.ip.secureserver.net","pid":13191,"level":30,"msg":"registered metadata record","time":"2023-11-20T21:21:44.215Z","v":0}
{"name":"myLogs","hostname":"ip-160-153-247-89.ip.secureserver.net","pid":13241,"level":30,"msg":"cron started","time":"2023-11-20T21:22:47.664Z","v":0}
{"name":"myLogs","hostname":"ip-160-153-247-89.ip.secureserver.net","pid":13240,"level":30,"msg":"","time":"2023-11-20T21:22:47.913Z","v":0}
{"name":"myLogs","hostname":"ip-160-153-247-89.ip.secureserver.net","pid":13240,"level":30,"msg":"events deployed","time":"2023-11-20T21:22:47.920Z","v":0}
{"name":"myLogs","hostname":"ip-160-153-247-89.ip.secureserver.net","pid":13240,"level":30,"msg":"started","time":"2023-11-20T21:22:47.925Z","v":0}
{"name":"myLogs","hostname":"ip-160-153-247-89.ip.secureserver.net","pid":13240,"level":30,"msg":"bot started","time":"2023-11-20T21:22:48.584Z","v":0}
{"name":"myLogs","hostname":"ip-160-153-247-89.ip.secureserver.net","pid":13240,"level":30,"msg":"registered metadata record","time":"2023-11-20T21:22:48.592Z","v":0}
{"name":"myLogs","hostname":"ip-160-153-247-89.ip.secureserver.net","pid":13269,"level":30,"msg":"cron started","time":"2023-11-20T21:22:57.420Z","v":0}
{"name":"myLogs","hostname":"ip-160-153-247-89.ip.secureserver.net","pid":13268,"level":30,"msg":"","time":"2023-11-20T21:22:57.684Z","v":0}
{"name":"myLogs","hostname":"ip-160-153-247-89.ip.secureserver.net","pid":13268,"level":30,"msg":"events deployed","time":"2023-11-20T21:22:57.690Z","v":0}
{"name":"myLogs","hostname":"ip-160-153-247-89.ip.secureserver.net","pid":13268,"level":30,"msg":"started","time":"2023-11-20T21:22:57.696Z","v":0}
{"name":"myLogs","hostname":"ip-160-153-247-89.ip.secureserver.net","pid":13268,"level":30,"msg":"bot started","time":"2023-11-20T21:22:58.432Z","v":0}
{"name":"myLogs","hostname":"ip-160-153-247-89.ip.secureserver.net","pid":13268,"level":30,"msg":"registered metadata record","time":"2023-11-20T21:22:58.441Z","v":0}
{"name":"myLogs","hostname":"ip-160-153-247-89.ip.secureserver.net","pid":13360,"level":30,"msg":"cron started","time":"2023-11-20T21:28:01.653Z","v":0}
{"name":"myLogs","hostname":"ip-160-153-247-89.ip.secureserver.net","pid":13361,"level":30,"msg":"","time":"2023-11-20T21:28:01.967Z","v":0}
{"name":"myLogs","hostname":"ip-160-153-247-89.ip.secureserver.net","pid":13361,"level":30,"msg":"events deployed","time":"2023-11-20T21:28:01.978Z","v":0}
{"name":"myLogs","hostname":"ip-160-153-247-89.ip.secureserver.net","pid":13361,"level":30,"msg":"started","time":"2023-11-20T21:28:01.981Z","v":0}
{"name":"myLogs","hostname":"ip-160-153-247-89.ip.secureserver.net","pid":13361,"level":30,"msg":"bot started","time":"2023-11-20T21:28:02.763Z","v":0}
{"name":"myLogs","hostname":"ip-160-153-247-89.ip.secureserver.net","pid":13361,"level":30,"msg":"registered metadata record","time":"2023-11-20T21:28:02.771Z","v":0}
{"name":"myLogs","hostname":"ip-160-153-247-89.ip.secureserver.net","pid":13407,"level":30,"msg":"cron started","time":"2023-11-20T21:29:08.484Z","v":0}
{"name":"myLogs","hostname":"ip-160-153-247-89.ip.secureserver.net","pid":13423,"level":30,"msg":"","time":"2023-11-20T21:29:08.761Z","v":0}
{"name":"myLogs","hostname":"ip-160-153-247-89.ip.secureserver.net","pid":13423,"level":30,"msg":"events deployed","time":"2023-11-20T21:29:08.766Z","v":0}
{"name":"myLogs","hostname":"ip-160-153-247-89.ip.secureserver.net","pid":13423,"level":30,"msg":"started","time":"2023-11-20T21:29:08.769Z","v":0}
{"name":"myLogs","hostname":"ip-160-153-247-89.ip.secureserver.net","pid":13423,"level":30,"msg":"bot started","time":"2023-11-20T21:29:09.507Z","v":0}
{"name":"myLogs","hostname":"ip-160-153-247-89.ip.secureserver.net","pid":13423,"level":30,"msg":"registered metadata record","time":"2023-11-20T21:29:09.516Z","v":0}
{"name":"myLogs","hostname":"ip-160-153-247-89.ip.secureserver.net","pid":13444,"level":30,"msg":"cron started","time":"2023-11-20T21:29:21.060Z","v":0}
{"name":"myLogs","hostname":"ip-160-153-247-89.ip.secureserver.net","pid":13445,"level":30,"msg":"","time":"2023-11-20T21:29:21.326Z","v":0}
{"name":"myLogs","hostname":"ip-160-153-247-89.ip.secureserver.net","pid":13445,"level":30,"msg":"events deployed","time":"2023-11-20T21:29:21.332Z","v":0}
{"name":"myLogs","hostname":"ip-160-153-247-89.ip.secureserver.net","pid":13445,"level":30,"msg":"started","time":"2023-11-20T21:29:21.334Z","v":0}
{"name":"myLogs","hostname":"ip-160-153-247-89.ip.secureserver.net","pid":13445,"level":30,"msg":"bot started","time":"2023-11-20T21:29:22.080Z","v":0}
{"name":"myLogs","hostname":"ip-160-153-247-89.ip.secureserver.net","pid":13445,"level":30,"msg":"registered metadata record","time":"2023-11-20T21:29:22.089Z","v":0}
{"name":"myLogs","hostname":"ip-160-153-247-89.ip.secureserver.net","pid":13444,"level":30,"msg":"starting fetching request","time":"2023-11-20T21:30:00.105Z","v":0}
{"name":"myLogs","hostname":"ip-160-153-247-89.ip.secureserver.net","pid":13444,"level":30,"msg":"updated timestamp","time":"2023-11-20T21:30:00.105Z","v":0}
{"name":"myLogs","hostname":"ip-160-153-247-89.ip.secureserver.net","pid":13444,"level":30,"msg":"","time":"2023-11-20T21:30:00.145Z","v":0}
{"name":"myLogs","hostname":"ip-160-153-247-89.ip.secureserver.net","pid":13444,"level":30,"msg":"reading waitlist","time":"2023-11-20T21:30:00.149Z","v":0}
{"name":"myLogs","hostname":"ip-160-153-247-89.ip.secureserver.net","pid":13444,"level":30,"msg":"no requests found, exiting","time":"2023-11-20T21:30:00.149Z","v":0}
{"name":"myLogs","hostname":"ip-160-153-247-89.ip.secureserver.net","pid":13473,"level":30,"msg":"cron started","time":"2023-11-20T21:30:02.247Z","v":0}
{"name":"myLogs","hostname":"ip-160-153-247-89.ip.secureserver.net","pid":13474,"level":30,"msg":"","time":"2023-11-20T21:30:02.555Z","v":0}
{"name":"myLogs","hostname":"ip-160-153-247-89.ip.secureserver.net","pid":13474,"level":30,"msg":"events deployed","time":"2023-11-20T21:30:02.561Z","v":0}
{"name":"myLogs","hostname":"ip-160-153-247-89.ip.secureserver.net","pid":13474,"level":30,"msg":"started","time":"2023-11-20T21:30:02.563Z","v":0}
{"name":"myLogs","hostname":"ip-160-153-247-89.ip.secureserver.net","pid":13474,"level":30,"msg":"bot started","time":"2023-11-20T21:30:03.467Z","v":0}
{"name":"myLogs","hostname":"ip-160-153-247-89.ip.secureserver.net","pid":13474,"level":30,"msg":"registered metadata record","time":"2023-11-20T21:30:03.476Z","v":0}
{"name":"myLogs","hostname":"ip-160-153-247-89.ip.secureserver.net","pid":13473,"level":30,"msg":"starting fetching request","time":"2023-11-20T21:40:00.909Z","v":0}
{"name":"myLogs","hostname":"ip-160-153-247-89.ip.secureserver.net","pid":13473,"level":30,"msg":"updated timestamp","time":"2023-11-20T21:40:00.909Z","v":0}
{"name":"myLogs","hostname":"ip-160-153-247-89.ip.secureserver.net","pid":13473,"level":30,"msg":"","time":"2023-11-20T21:40:00.944Z","v":0}
{"name":"myLogs","hostname":"ip-160-153-247-89.ip.secureserver.net","pid":13473,"level":30,"msg":"reading waitlist","time":"2023-11-20T21:40:00.949Z","v":0}
{"name":"myLogs","hostname":"ip-160-153-247-89.ip.secureserver.net","pid":13473,"level":30,"msg":"no requests found, exiting","time":"2023-11-20T21:40:00.949Z","v":0}
{"name":"myLogs","hostname":"ip-160-153-247-89.ip.secureserver.net","pid":13738,"level":30,"msg":"cron started","time":"2023-11-20T21:43:49.268Z","v":0}
{"name":"myLogs","hostname":"ip-160-153-247-89.ip.secureserver.net","pid":13737,"level":30,"msg":"","time":"2023-11-20T21:43:49.532Z","v":0}
{"name":"myLogs","hostname":"ip-160-153-247-89.ip.secureserver.net","pid":13737,"level":30,"msg":"events deployed","time":"2023-11-20T21:43:49.537Z","v":0}
{"name":"myLogs","hostname":"ip-160-153-247-89.ip.secureserver.net","pid":13737,"level":30,"msg":"started","time":"2023-11-20T21:43:49.541Z","v":0}
{"name":"myLogs","hostname":"ip-160-153-247-89.ip.secureserver.net","pid":13737,"level":30,"msg":"bot started","time":"2023-11-20T21:43:50.228Z","v":0}
{"name":"myLogs","hostname":"ip-160-153-247-89.ip.secureserver.net","pid":13737,"level":30,"msg":"registered metadata record","time":"2023-11-20T21:43:50.236Z","v":0}
{"name":"myLogs","hostname":"ip-160-153-247-89.ip.secureserver.net","pid":13792,"level":30,"msg":"cron started","time":"2023-11-20T21:44:02.868Z","v":0}
{"name":"myLogs","hostname":"ip-160-153-247-89.ip.secureserver.net","pid":13791,"level":30,"msg":"","time":"2023-11-20T21:44:03.126Z","v":0}
{"name":"myLogs","hostname":"ip-160-153-247-89.ip.secureserver.net","pid":13791,"level":30,"msg":"events deployed","time":"2023-11-20T21:44:03.132Z","v":0}
{"name":"myLogs","hostname":"ip-160-153-247-89.ip.secureserver.net","pid":13791,"level":30,"msg":"started","time":"2023-11-20T21:44:03.134Z","v":0}
{"name":"myLogs","hostname":"ip-160-153-247-89.ip.secureserver.net","pid":13791,"level":30,"msg":"bot started","time":"2023-11-20T21:44:03.839Z","v":0}
{"name":"myLogs","hostname":"ip-160-153-247-89.ip.secureserver.net","pid":13791,"level":30,"msg":"registered metadata record","time":"2023-11-20T21:44:03.848Z","v":0}
